connected
b'e:95 w:3 62500\r\n'
b'e:94 w:3 62500\r\n'
b'e:94 w:3 62500\r\n'
b'e:94 w:3 62500\r\n'
b'e:94 w:3 62500\r\n'
b'e:94 w:3 62500\r\n'
b'e:95 w:3 62500\r\n'
b'e:93 w:3 62500\r\n'
b'e:95 w:3 62500\r\n'
b'e:93 w:3 e\x01\x81\x81\x95\x81\x91\x83\x91\x85\x95\x83\x95\x85\x91\x87\x85\x87\x82\x81\x92\x85\x92\x83\x82\x87\x86\x81\x96\x85\x96\x83\x86\x87\x83\x81\x97\x85\x93\x83\x93\x85\x97\x87\x97\x81\x93\x87\x87\x83\xfa\xe0\x9f\x16y\xf1H\x80y\x80\x84-\x87\x01\x81\x81\x95\x81\x91\x83\x91\x85\x95\x83\x95\x85\x91\x87\x85\x87\x82\x81\x92\x85\x92\x83\x82\x87\x86'
b'e:93 w:3 62500\r\n'
b'e:94 w:3 62500\r\n'
b'e:94 w:3 62500\r\n'
b'e:93 w:3 e\x01\x81\x81\x95\x81\x91\x83\x91\x85\x95\x83\x95\x85\x91\x87\x85\x87\x82\x81\x92\x85\x92\x83\x82\x87\x86\x81\x96\x85\x96\x83\x86\x87\x83\x81\x97\x85\x93\x83\x93\x85\x97\x87\x97\x81\x93\x87\x87\x83\xfa\xe0\x9f\x16y\xf1H\x80y\x80\x84-\x87\x01\x81\x81\x95\x81\x91\x83\x91\x85\x95\x83\x95\x85\x91'
b'e:94 w:3 62500\r\n'
b'e:94 w:3 62500\r\n'
b'e:93 w:3 e\x01\x81\x81\x95\x81\x91\x83\x91\x85\x95\x83\x95\x85\x91\x87\x85\x87\x82\x81\x92\x85\x92\x83\x82\x87\x86\x81\x96\x85\x96\x83\x86\x87\x83\x81\x97\x85\x93\x83\x93\x85\x97\x87\x97\x81\x93\x87\x87\x83\xfa\xe0\x9f\x16y\xf1H\x80y\x80\x84-\x87\x01\x81\x81\x95\x81\x91\x83\x91\x85\x95\x83\x95\x85\x91\x87\x85\x87\x82\x81\x92\x85\x92\x83\x82\x87\x86\x81\x96\x85\x96\x83\x86\x87\x83\x81\x97\x85\x93\x83\x93\x85\x97\x87\x97\x81\x93\x87\x87\x83\xfa\xe0\x9f\x16y\xf1H\x80y\x80\x84-'
b'e:94 w:3 62500\r\n'
b'e:94 w:3 62500\r\n'
b'e:95 w:3 62500\r\n'
b'e:94 w:3 e\x01\x81\x81\x95\x81\x91\x83\x91\x85\x95\x83\x95\x85\x91\x87\x85\x87\x82\x81\x92\x85\x92\x83\x82\x87\x86\x81\x96\x85\x96\x83\x86\x87\x83\x81\x97\x85\x93\x83\x93\x85\x97\x87\x97\x81\x93\x87\x87\x83\xfa\xe0\x9f\x16y\xf1H\x80y\x80\x84-\x87\x01\x81\x81\x95\x81\x91\x83\x91\x85\x95\x83\x95\x85\x91\x87\x85\x87\x82\x81\x92\x85\x92\x83\x82\x87\x86'
b'e:95 w:3 62500\r\n'
b'e:94 w:3 62500\r\n'
b'e:95 w:3 62500\r\n'
b'e:95 w:3 62500\r\n'
b'e:94 w:3 62500\r\n'
b'e:95 w:3 62500\r\n'
b'e:93 w:3 e\x01\x81\x81\x95\x81\x91\x83\x91\x85\x95\x83\x95\x85\x91\x87\x85\x87\x82\x81\x92\x85\x92\x83\x82\x87\x86\x81\x96\x85\x96\x83\x86\x87\x83\x81\x97\x85\x93\x83\x93\x85\x97\x87\x97\x81\x93\x87\x87\x83\xfa\xe0\x9f\x16y\xf1H\x80y\x80\x84-\x87\x01\x81\x81\x95\x81\x91\x83\x91\x85\x95\x83\x95\x85\x91\x87\x85\x87\x82\x81\x92\x85\x92\x83\x82\x87'
b'e:95 w:3 62500\r\n'
b'e:94 w:3 62500\r\n'
b'e:95 w:3 62500\r\n'
b'e:94 w:3 62500\r\n'
b'e:95 w:3 62500\r\n'
b'e:93 w:3 unknown: c\r\n'
b'e:94 w:3 62500\r\n'
b'e:94 w:3 62500\r\n'
b'e:93 w:3 e\x01\x81\x81\x95\x81\x91\x83\x91\x85\x95\x83\x95\x85\x91\x87\x85\x87\x82\x81\x92\x85\x92\x83\x82\x87\x86\x81\x96\x85\x96\x83\x86\x87\x83\x81\x97\x85\x93\x83\x93\x85\x97\x87\x97\x81\x93\x87\x87\x83\xfa\xe0\x9f\x16y\xf1H\x80y\x80\x84-\x87\x01\x81\x81\x95\x81\x91\x83\x91\x85\x95\x83\x95\x85\x91\x87\x85\x87\x82\x81\x92\x85\x92\x83\x82\x87\x86\x81'
b'e:95 w:3 62500\r\n'
b'e:93 w:3 unknown: c\r\n'
b'e:95 w:3 62500\r\n'
b'e:93 w:3 e\x01\x81\x81\x95\x81\x91\x83\x91\x85\x95\x83\x95\x85\x91\x87\x85\x87\x82\x81\x92\x85\x92\x83\x82\x87\x86\x81\x96\x85\x96\x83\x86\x87\x83\x81\x97\x85\x93\x83\x93\x85\x97\x87\x97\x81\x93\x87\x87\x83\xfa\xe0\x9f\x16y\xf1H\x80y\x80\x84-\x87\x01\x81\x81\x95\x81\x91\x83\x91\x85\x95\x83\x95\x85\x91\x87\x85\x87'
b'e:95 w:3 62500\r\n'
b'e:95 w:3 62500\r\n'
b'e:94 w:3 62500\r\n'
b'e:95 w:3 62500\r\n'
b'e:94 w:3 62500\r\n'
b'e:95 w:3 62500\r\n'
b'e:93 w:3 unknown: c\r\n'
b'e:95 w:3 62500\r\n'
b'e:93 w:3 62500\r\n'
b'e:94 w:3 62500\r\n'
b'e:93 w:3 e\x01\x81\x81\x95\x81\x91\x83\x91\x85\x95\x83\x95\x85\x91\x87\x85\x87\x82\x81\x92\x85\x92\x83\x82\x87\x86\x81\x96\x85\x96\x83\x86\x87\x83\x81\x97\x85\x93\x83\x93\x85\x97\x87\x97\x81\x93\x87\x87\x83\xfa\xe0\x9f\x16y\xf1H\x80y\x80\x84-\x87\x01\x81\x81\x95\x81\x91\x83\x91\x85\x95\x83\x95\x85\x91\x87\x85\x87'
b'e:93 w:3 unknown: c\r\n'
b'e:95 w:3 62500\r\n'
b'e:95 w:3 62500\r\n'
b'e:93 w:3 unknown: c\r\n'
b'e:94 w:3 e\x01\x81\x81\x95\x81\x91\x83\x91\x85\x95\x83\x95\x85\x91\x87\x85\x87\x82\x81\x92\x85\x92\x83\x82\x87\x86\x81\x96\x85\x96\x83\x86\x87\x83\x81\x97\x85\x93\x83\x93\x85\x97\x87\x97\x81\x93\x87\x87\x83\xfa\xe0\x9f\x16y\xf1H\x80y\x80\x84-\x87\x01\x81\x81\x95\x81\x91\x83\x91\x85\x95\x83\x95\x85\x91\x87\x85\x87\x82\x81\x92'
b'e:95 w:3 62500\r\n'
b'e:93 w:3 e\x01\x81\x81\x95\x81\x91\x83\x91\x85\x95\x83\x95\x85\x91\x87\x85\x87\x82\x81\x92\x85\x92\x83\x82\x87\x86\x81\x96\x85\x96\x83\x86\x87\x83\x81\x97\x85\x93\x83\x93\x85\x97\x87\x97\x81\x93\x87\x87\x83\xfa\xe0\x9f\x16y\xf1H\x80y\x80\x84-\x87\x01\x81\x81\x95\x81\x91\x83\x91\x85\x95\x83\x95\x85\x91\x87\x85\x87\x82\x81\x92\x85\x92\x83\x82\x87\x86\x81\x96\x85\x96\x83\x86\x87\x83\x81\x97\x85\x93'
b'e:93 w:3 e\x01\x81\x81\x95\x81\x91\x83\x91\x85\x95\x83\x95\x85\x91\x87\x85\x87\x82\x81\x92\x85\x92\x83\x82\x87\x86\x81\x96\x85\x96\x83\x86\x87\x83\x81\x97\x85\x93\x83\x93\x85\x97\x87\x97\x81\x93\x87\x87\x83\xfa\xe0\x9f\x16y\xf1H\x80y\x80\x84-\x87\x01\x81\x81\x95\x81\x91\x83\x91\x85\x95\x83\x95\x85\x91\x87\x85\x87\x82\x81\x92\x85\x92\x83\x82\x87\x86\x81\x96\x85\x96\x83\x86\x87\x83'
b'e:94 w:3 62500\r\n'
b'e:93 w:3 e\x01\x81\x81\x95\x81\x91\x83\x91\x85\x95\x83\x95\x85\x91\x87\x85\x87\x82\x81\x92\x85\x92\x83\x82\x87\x86\x81\x96\x85\x96\x83\x86\x87\x83\x81\x97\x85\x93\x83\x93\x85\x97\x87\x97\x81\x93\x87\x87\x83\xfa\xe0\x9f\x16y\xf1H\x80y\x80\x84-\x87\x01\x81\x81\x95\x81\x91\x83\x91\x85\x95\x83\x95\x85\x91\x87\x85\x87\x82\x81\x92\x85\x92\x83\x82\x87\x86\x81\x96\x85\x96\x83\x86\x87\x83\x81\x97\x85'
b'e:94 w:3 62500\r\n'
b'e:95 w:3 62500\r\n'
b'e:93 w:3 unknown: c\r\n'
b'e:95 w:3 62500\r\n'
b'e:93 w:3 unknown: c\r\n'
b'e:95 w:3 62500\r\n'
b'e:93 w:3 62500\r\n'
b'e:94 w:3 62500\r\n'
b'e:94 w:3 62500\r\n'
b'e:95 w:3 62500\r\n'
b'e:94 w:3 62500\r\n'
b'e:94 w:3 62500\r\n'
b'e:93 w:3 e\x01\x81\x81\x95\x81\x91\x83\x91\x85\x95\x83\x95\x85\x91\x87\x85\x87\x82\x81\x92\x85\x92\x83\x82\x87\x86\x81\x96\x85\x96\x83\x86\x87\x83\x81\x97\x85\x93\x83\x93\x85\x97\x87\x97\x81\x93\x87\x87\x83\xfa\xe0\x9f\x16y\xf1H\x80y\x80\x84-\x87\x01\x81\x81\x95\x81\x91\x83\x91\x85\x95\x83\x95\x85\x91\x87\x85\x87\x82\x81\x92\x85\x92\x83\x82\x87\x86\x81\x96\x85\x96\x83\x86\x87\x83\x81\x97\x85'
b'e:94 w:3 62500\r\n'
b'e:94 w:3 62500\r\n'
b'e:93 w:3 unknown: c\r\n'
b'e:95 w:3 62500\r\n'
b'e:94 w:3 62500\r\n'
b'e:94 w:3 62500\r\n'
b'e:95 w:3 62500\r\n'
b'e:95 w:3 62500\r\n'
b'e:95 w:3 62500\r\n'
b'e:93 w:3 e\x01\x81\x81\x95\x81\x91\x83\x91\x85\x95\x83\x95\x85\x91\x87\x85\x87\x82\x81\x92\x85\x92\x83\x82\x87\x86\x81\x96\x85\x96\x83\x86\x87\x83\x81\x97\x85\x93\x83\x93\x85\x97\x87\x97\x81\x93\x87\x87\x83\xfa\xe0\x9f\x16y\xf1H\x80y\x80\x84-\x87\x01\x81\x81\x95\x81\x91\x83\x91\x85\x95\x83\x95\x85\x91\x87\x85\x87\x82\x81\x92\x85\x92\x83\x82\x87\x86\x81\x96\x85\x96\x83'
b'e:93 w:3 e\x01\x81\x81\x95\x81\x91\x83\x91\x85\x95\x83\x95\x85\x91\x87\x85\x87\x82\x81\x92\x85\x92\x83\x82\x87\x86\x81\x96\x85\x96\x83\x86\x87\x83\x81\x97\x85\x93\x83\x93\x85\x97\x87\x97\x81\x93\x87\x87\x83\xfa\xe0\x9f\x16y\xf1H\x80y\x80\x84-\x87\x01\x81\x81\x95\x81\x91\x83\x91\x85\x95\x83\x95\x85\x91\x87\x85\x87\x82\x81\x92\x85\x92\x83\x82\x87\x86\x81\x96\x85'
b'e:93 w:3 unknown: c\r\n'
b'e:94 w:3 62500\r\n'
b'e:94 w:3 e\x01\x81\x81\x95\x81\x91\x83\x91\x85\x95\x83\x95\x85\x91\x87\x85\x87\x82\x81\x92\x85\x92\x83\x82\x87\x86\x81\x96\x85\x96\x83\x86\x87\x83\x81\x97\x85\x93\x83\x93\x85\x97\x87\x97\x81\x93\x87\x87\x83\xfa\xe0\x9f\x16y\xf1H\x80y\x80\x84-\x87\x01\x81\x81\x95\x81\x91\x83\x91\x85\x95\x83\x95\x85\x91\x87\x85\x87\x82\x81\x92\x85\x92\x83\x82\x87\x86\x81\x96\x85\x96\x83\x86\x87\x83\x81\x97\x85\x93\x83\x93\x85'
b'e:95 w:3 62500\r\n'
b'e:94 w:3 62500\r\n'
b'e:94 w:3 62500\r\n'
b'e:94 w:3 62500\r\n'
b'e:95 w:3 62500\r\n'
b'e:95 w:3 62500\r\n'
b'e:94 w:3 62500\r\n'
b'e:95 w:3 62500\r\n'
b'e:94 w:3 62500\r\n'
b'e:94 w:3 62500\r\n'
exiting, valid 74, reset 0
