connected
b'e:90 w:3 62500\r\n'
b'e:81 w:3 62500\r\n'
b'e:87 w:3 hello\r'
b'e:84 w:3 62500\r\n'
b'e:81 w:3 62500\r\n'
b'e:82 w:3 62500\r\n'
b'e:82 w:3 62500\r\n'
b'e:84 w:3 62500\r\n'
b'e:81 w:3 62500\r\n'
b'e:81 w:3 62500\r\n'
b'e:87 w:3 \xcf\xc4\xbc\xf2'
b'e:81 w:3 62500\r\n'
b'e:80 w:3 62500\r\n'
b'e:86 w:3 62500\r\n'
b'e:89 w:3 62500\r\n'
b'e:83 w:3 62500\r\n'
b'e:81 w:3 62500\r\n'
b'e:90 w:3 62500\r\n'
b'e:82 w:3 62500\r\n'
b'e:80 w:3 62500\r\n'
b'e:82 w:3 62500\r\n'
b'e:82 w:3 62500\r\n'
b'e:88 w:3 62500\r\n'
b'e:89 w:3 62500\r\n'
b'e:90 w:3 62500\r\n'
b'e:88 w:3 62500\r\n'
b'e:84 w:3 62500\r\n'
b'e:81 w:3 62500\r\n'
b'e:84 w:3 62500\r\n'
b'e:88 w:3 62500\r\n'
b'e:81 w:3 62500\r\n'
b'e:89 w:3 62500\r\n'
b'e:86 w:3 62500\r\n'
b'e:82 w:3 62500\r\n'
b'e:85 w:3 62500\r\n'
b'e:89 w:3 62500\r\n'
b'e:90 w:3 62500\r\n'
b'e:89 w:3 62500\r\n'
b'e:88 w:3 62500\r\n'
b'e:80 w:3 62500\r\n'
b'e:81 w:3 62500\r\n'
b'e:81 w:3 62500\r\n'
b'e:86 w:3 62500\r\n'
b'e:81 w:3 62500\r\n'
b'e:83 w:3 62500\r\n'
b'e:82 w:3 62500\r\n'
b'e:82 w:3 62500\r\n'
b'e:88 w:3 62500\r\n'
b'e:84 w:3 62500\r\n'
b'e:89 w:3 62500\r\n'
b'e:82 w:3 62500\r\n'
b'e:84 w:3 62500\r\n'
b'e:88 w:3 62500\r\n'
b'e:88 w:3 62500\r\n'
b'e:86 w:3 62500\r\n'
b'e:86 w:3 62500\r\n'
b'e:85 w:3 62500\r\n'
b'e:90 w:3 62500\r\n'
b'e:85 w:3 62500\r\n'
b'e:89 w:3 62500\r\n'
b'e:83 w:3 62500\r\n'
b'e:87 w:3 hello\r'
b'e:86 w:3 62500\r\n'
b'e:86 w:3 62500\r\n'
b'e:80 w:3 62500\r\n'
b'e:84 w:3 62500\r\n'
b'e:86 w:3 \r\n'
b'e:86 w:3 409f96e93d7e117393\r\n'
b'e:90 w:3 62500\r\n'
b'e:82 w:3 62500\r\n'
b'e:80 w:3 62500\r\n'
b'e:89 w:3 62500\r\n'
b'e:86 w:3 \r\n'
b'e:85 w:3 62500\r\n'
b'e:85 w:3 62500\r\n'
b'e:84 w:3 62500\r\n'
b'e:88 w:3 62500\r\n'
b'e:87 w:3 \x00\x00\xffhello\rhello\rhello\rhe'
b'e:89 w:3 62500\r\n'
b'e:84 w:3 62500\r\n'
b'e:83 w:3 62500\r\n'
b'e:83 w:3 62500\r\n'
b'e:90 w:3 62500\r\n'
b'e:81 w:3 62500\r\n'
b'e:84 w:3 62500\r\n'
b'e:90 w:3 62500\r\n'
b'e:89 w:3 62500\r\n'
b'e:82 w:3 62500\r\n'
b'e:88 w:3 62500\r\n'
b'e:89 w:3 62500\r\n'
b'e:88 w:3 62500\r\n'
b'e:82 w:3 62500\r\n'
b'e:87 w:3 62500\r\n'
b'e:81 w:3 62500\r\n'
b'e:90 w:3 62500\r\n'
b'e:83 w:3 62500\r\n'
b'e:90 w:3 62500\r\n'
b'e:90 w:3 62500\r\n'
b'e:81 w:3 62500\r\n'
exiting, valid 92, reset 0
