                                      1 ;--------------------------------------------------------
                                      2 ; File Created by SDCC : free open source ANSI-C Compiler
                                      3 ; Version 3.8.0 #10562 (Linux)
                                      4 ;--------------------------------------------------------
                                      5 	.module main
                                      6 	.optsdcc -mstm8
                                      7 	
                                      8 ;--------------------------------------------------------
                                      9 ; Public variables in this module
                                     10 ;--------------------------------------------------------
                                     11 	.globl _main
                                     12 ;--------------------------------------------------------
                                     13 ; ram data
                                     14 ;--------------------------------------------------------
                                     15 	.area DATA
                                     16 ;--------------------------------------------------------
                                     17 ; ram data
                                     18 ;--------------------------------------------------------
                                     19 	.area INITIALIZED
                                     20 ;--------------------------------------------------------
                                     21 ; Stack segment in internal ram 
                                     22 ;--------------------------------------------------------
                                     23 	.area	SSEG
      000000                         24 __start__stack:
      000000                         25 	.ds	1
                                     26 
                                     27 ;--------------------------------------------------------
                                     28 ; absolute external ram data
                                     29 ;--------------------------------------------------------
                                     30 	.area DABS (ABS)
                                     31 
                                     32 ; default segment ordering for linker
                                     33 	.area HOME
                                     34 	.area GSINIT
                                     35 	.area GSFINAL
                                     36 	.area CONST
                                     37 	.area INITIALIZER
                                     38 	.area CODE
                                     39 
                                     40 ;--------------------------------------------------------
                                     41 ; interrupt vector 
                                     42 ;--------------------------------------------------------
                                     43 	.area HOME
      000000                         44 __interrupt_vect:
      000000 82v00u00u00             45 	int s_GSINIT ; reset
                                     46 ;--------------------------------------------------------
                                     47 ; global & static initialisations
                                     48 ;--------------------------------------------------------
                                     49 	.area HOME
                                     50 	.area GSINIT
                                     51 	.area GSFINAL
                                     52 	.area GSINIT
      000000                         53 __sdcc_gs_init_startup:
      000000                         54 __sdcc_init_data:
                                     55 ; stm8_genXINIT() start
      000000 AEr00r00         [ 2]   56 	ldw x, #l_DATA
      000003 27 07            [ 1]   57 	jreq	00002$
      000005                         58 00001$:
      000005 72 4FuFFuFF      [ 1]   59 	clr (s_DATA - 1, x)
      000009 5A               [ 2]   60 	decw x
      00000A 26 F9            [ 1]   61 	jrne	00001$
      00000C                         62 00002$:
      00000C AEr00r00         [ 2]   63 	ldw	x, #l_INITIALIZER
      00000F 27 09            [ 1]   64 	jreq	00004$
      000011                         65 00003$:
      000011 D6uFFuFF         [ 1]   66 	ld	a, (s_INITIALIZER - 1, x)
      000014 D7uFFuFF         [ 1]   67 	ld	(s_INITIALIZED - 1, x), a
      000017 5A               [ 2]   68 	decw	x
      000018 26 F7            [ 1]   69 	jrne	00003$
      00001A                         70 00004$:
                                     71 ; stm8_genXINIT() end
                                     72 	.area GSFINAL
      000000 CCr00r04         [ 2]   73 	jp	__sdcc_program_startup
                                     74 ;--------------------------------------------------------
                                     75 ; Home
                                     76 ;--------------------------------------------------------
                                     77 	.area HOME
                                     78 	.area HOME
      000004                         79 __sdcc_program_startup:
      000004 CCr00r37         [ 2]   80 	jp	_main
                                     81 ;	return from main will return to caller
                                     82 ;--------------------------------------------------------
                                     83 ; code
                                     84 ;--------------------------------------------------------
                                     85 	.area CODE
                                     86 ;	main.c: 17: static inline void delay_ms(uint16_t ms) {
                                     87 ;	-----------------------------------------
                                     88 ;	 function delay_ms
                                     89 ;	-----------------------------------------
      000000                         90 _delay_ms:
      000000 52 08            [ 2]   91 	sub	sp, #8
                                     92 ;	main.c: 19: for (i = 0; i < ((F_CPU / 18000UL) * ms); i++)
      000002 5F               [ 1]   93 	clrw	x
      000003 1F 07            [ 2]   94 	ldw	(0x07, sp), x
      000005 1F 05            [ 2]   95 	ldw	(0x05, sp), x
      000007                         96 00103$:
      000007 1E 0B            [ 2]   97 	ldw	x, (0x0b, sp)
      000009 89               [ 2]   98 	pushw	x
      00000A 4B 78            [ 1]   99 	push	#0x78
      00000C 4B 03            [ 1]  100 	push	#0x03
      00000E CDr00r00         [ 4]  101 	call	___muluint2ulong
      000011 5B 04            [ 2]  102 	addw	sp, #4
      000013 1F 03            [ 2]  103 	ldw	(0x03, sp), x
      000015 17 01            [ 2]  104 	ldw	(0x01, sp), y
      000017 1E 07            [ 2]  105 	ldw	x, (0x07, sp)
      000019 13 03            [ 2]  106 	cpw	x, (0x03, sp)
      00001B 7B 06            [ 1]  107 	ld	a, (0x06, sp)
      00001D 12 02            [ 1]  108 	sbc	a, (0x02, sp)
      00001F 7B 05            [ 1]  109 	ld	a, (0x05, sp)
      000021 12 01            [ 1]  110 	sbc	a, (0x01, sp)
      000023 24 0F            [ 1]  111 	jrnc	00105$
                                    112 ;	main.c: 20: __asm__("nop");
      000025 9D               [ 1]  113 	nop
                                    114 ;	main.c: 19: for (i = 0; i < ((F_CPU / 18000UL) * ms); i++)
      000026 1E 07            [ 2]  115 	ldw	x, (0x07, sp)
      000028 5C               [ 1]  116 	incw	x
      000029 1F 07            [ 2]  117 	ldw	(0x07, sp), x
      00002B 26 DA            [ 1]  118 	jrne	00103$
      00002D 1E 05            [ 2]  119 	ldw	x, (0x05, sp)
      00002F 5C               [ 1]  120 	incw	x
      000030 1F 05            [ 2]  121 	ldw	(0x05, sp), x
      000032 20 D3            [ 2]  122 	jra	00103$
      000034                        123 00105$:
                                    124 ;	main.c: 21: }
      000034 5B 08            [ 2]  125 	addw	sp, #8
      000036 81               [ 4]  126 	ret
                                    127 ;	main.c: 27: void main() 
                                    128 ;	-----------------------------------------
                                    129 ;	 function main
                                    130 ;	-----------------------------------------
      000037                        131 _main:
      000037 52 14            [ 2]  132 	sub	sp, #20
                                    133 ;	main.c: 29: PB_DDR |= (1 << PB_CONFIRM);
      000039 72 1C 50 07      [ 1]  134 	bset	20487, #6
                                    135 ;	main.c: 30: PB_CR1 |= (1 << PB_CONFIRM);
      00003D 72 1C 50 08      [ 1]  136 	bset	20488, #6
                                    137 ;	main.c: 31: PC_DDR |= (1 << LED_PIN) | (1 << LED_CONFIRM); // configure PD4 as output
      000041 C6 50 0C         [ 1]  138 	ld	a, 0x500c
      000044 AA 05            [ 1]  139 	or	a, #0x05
      000046 C7 50 0C         [ 1]  140 	ld	0x500c, a
                                    141 ;	main.c: 32: PC_CR1 |= (1 << LED_PIN) | (1 << LED_CONFIRM); // push-pull mode
      000049 C6 50 0D         [ 1]  142 	ld	a, 0x500d
      00004C AA 05            [ 1]  143 	or	a, #0x05
      00004E C7 50 0D         [ 1]  144 	ld	0x500d, a
                                    145 ;	main.c: 38: PB_ODR |= (1 << PB_CONFIRM);
      000051 72 1C 50 05      [ 1]  146 	bset	20485, #6
                                    147 ;	main.c: 39: z = 0;
      000055 5F               [ 1]  148 	clrw	x
      000056 1F 0B            [ 2]  149 	ldw	(0x0b, sp), x
      000058 1F 09            [ 2]  150 	ldw	(0x09, sp), x
                                    151 ;	main.c: 40: for(x =0;x < 200;x++)
      00005A 5F               [ 1]  152 	clrw	x
      00005B 1F 13            [ 2]  153 	ldw	(0x13, sp), x
      00005D 1F 11            [ 2]  154 	ldw	(0x11, sp), x
      00005F                        155 00114$:
                                    156 ;	main.c: 42: for(y = 0;y < 200;y++)
      00005F AE 00 C8         [ 2]  157 	ldw	x, #0x00c8
      000062 1F 0F            [ 2]  158 	ldw	(0x0f, sp), x
      000064 5F               [ 1]  159 	clrw	x
      000065 1F 0D            [ 2]  160 	ldw	(0x0d, sp), x
      000067 16 0B            [ 2]  161 	ldw	y, (0x0b, sp)
      000069 17 07            [ 2]  162 	ldw	(0x07, sp), y
      00006B 16 09            [ 2]  163 	ldw	y, (0x09, sp)
      00006D 17 05            [ 2]  164 	ldw	(0x05, sp), y
      00006F                        165 00113$:
                                    166 ;	main.c: 44: z += 1;
      00006F 1E 07            [ 2]  167 	ldw	x, (0x07, sp)
      000071 5C               [ 1]  168 	incw	x
      000072 1F 07            [ 2]  169 	ldw	(0x07, sp), x
      000074 26 05            [ 1]  170 	jrne	00150$
      000076 1E 05            [ 2]  171 	ldw	x, (0x05, sp)
      000078 5C               [ 1]  172 	incw	x
      000079 1F 05            [ 2]  173 	ldw	(0x05, sp), x
      00007B                        174 00150$:
      00007B 1E 0F            [ 2]  175 	ldw	x, (0x0f, sp)
      00007D 1D 00 01         [ 2]  176 	subw	x, #0x0001
      000080 1F 03            [ 2]  177 	ldw	(0x03, sp), x
      000082 7B 0E            [ 1]  178 	ld	a, (0x0e, sp)
      000084 A2 00            [ 1]  179 	sbc	a, #0x00
      000086 6B 02            [ 1]  180 	ld	(0x02, sp), a
      000088 7B 0D            [ 1]  181 	ld	a, (0x0d, sp)
      00008A A2 00            [ 1]  182 	sbc	a, #0x00
      00008C 6B 01            [ 1]  183 	ld	(0x01, sp), a
      00008E 16 03            [ 2]  184 	ldw	y, (0x03, sp)
      000090 17 0F            [ 2]  185 	ldw	(0x0f, sp), y
      000092 16 01            [ 2]  186 	ldw	y, (0x01, sp)
      000094 17 0D            [ 2]  187 	ldw	(0x0d, sp), y
                                    188 ;	main.c: 42: for(y = 0;y < 200;y++)
      000096 1E 03            [ 2]  189 	ldw	x, (0x03, sp)
      000098 26 D5            [ 1]  190 	jrne	00113$
      00009A 1E 01            [ 2]  191 	ldw	x, (0x01, sp)
      00009C 26 D1            [ 1]  192 	jrne	00113$
                                    193 ;	main.c: 40: for(x =0;x < 200;x++)
      00009E 16 07            [ 2]  194 	ldw	y, (0x07, sp)
      0000A0 17 0B            [ 2]  195 	ldw	(0x0b, sp), y
      0000A2 16 05            [ 2]  196 	ldw	y, (0x05, sp)
      0000A4 17 09            [ 2]  197 	ldw	(0x09, sp), y
      0000A6 1E 13            [ 2]  198 	ldw	x, (0x13, sp)
      0000A8 5C               [ 1]  199 	incw	x
      0000A9 1F 13            [ 2]  200 	ldw	(0x13, sp), x
      0000AB 26 05            [ 1]  201 	jrne	00153$
      0000AD 1E 11            [ 2]  202 	ldw	x, (0x11, sp)
      0000AF 5C               [ 1]  203 	incw	x
      0000B0 1F 11            [ 2]  204 	ldw	(0x11, sp), x
      0000B2                        205 00153$:
      0000B2 1E 13            [ 2]  206 	ldw	x, (0x13, sp)
      0000B4 A3 00 C8         [ 2]  207 	cpw	x, #0x00c8
      0000B7 7B 12            [ 1]  208 	ld	a, (0x12, sp)
      0000B9 A2 00            [ 1]  209 	sbc	a, #0x00
      0000BB 7B 11            [ 1]  210 	ld	a, (0x11, sp)
      0000BD A2 00            [ 1]  211 	sbc	a, #0x00
      0000BF 25 9E            [ 1]  212 	jrc	00114$
                                    213 ;	main.c: 47: if(z == 40000)
      0000C1 1E 07            [ 2]  214 	ldw	x, (0x07, sp)
      0000C3 A3 9C 40         [ 2]  215 	cpw	x, #0x9c40
      0000C6 26 08            [ 1]  216 	jrne	00104$
      0000C8 1E 05            [ 2]  217 	ldw	x, (0x05, sp)
      0000CA 26 04            [ 1]  218 	jrne	00104$
                                    219 ;	main.c: 49: PC_ODR ^= (1 << LED_PIN);
      0000CC 90 14 50 0A      [ 1]  220 	bcpl	20490, #2
      0000D0                        221 00104$:
                                    222 ;	main.c: 51: PB_ODR &= ~(1 << PB_CONFIRM);
      0000D0 72 1D 50 05      [ 1]  223 	bres	20485, #6
                                    224 ;	main.c: 52: while(1)
      0000D4                        225 00106$:
      0000D4 20 FE            [ 2]  226 	jra	00106$
                                    227 ;	main.c: 56: }
      0000D6 5B 14            [ 2]  228 	addw	sp, #20
      0000D8 81               [ 4]  229 	ret
                                    230 	.area CODE
                                    231 	.area CONST
                                    232 	.area INITIALIZER
                                    233 	.area CABS (ABS)
